#
# There is insufficient memory for the Java Runtime Environment to continue.
# Native memory allocation (malloc) failed to allocate 1048576 bytes for AllocateHeap
# Possible reasons:
#   The system is out of physical RAM or swap space
#   The process is running with CompressedOops enabled, and the Java Heap may be blocking the growth of the native heap
# Possible solutions:
#   Reduce memory load on the system
#   Increase physical memory or swap space
#   Check if swap backing store is full
#   Decrease Java heap size (-Xmx/-Xms)
#   Decrease number of Java threads
#   Decrease Java thread stack sizes (-Xss)
#   Set larger code cache with -XX:ReservedCodeCacheSize=
#   JVM is running with Unscaled Compressed Oops mode in which the Java heap is
#     placed in the first 4GB address space. The Java Heap base address is the
#     maximum limit for the native heap growth. Please use -XX:HeapBaseMinAddress
#     to set the Java Heap base and to place the Java Heap above 4GB virtual address.
# This output file may be truncated or incomplete.
#
#  Out of Memory Error (memory/allocation.inline.hpp:61), pid=15292, tid=0x0000000000003738
#
# JRE version:  (8.0_202-b03) (build )
# Java VM: OpenJDK 64-Bit Server VM (25.202-b03 mixed mode windows-amd64 compressed oops)
# Failed to write core dump. Minidumps are not enabled by default on client versions of Windows
#

---------------  T H R E A D  ---------------

Current thread (0x000000000248e000):  JavaThread "Unknown thread" [_thread_in_vm, id=14136, stack(0x0000000002520000,0x0000000002620000)]

Stack: [0x0000000002520000,0x0000000002620000]
[error occurred during error reporting (printing stack bounds), id 0xc0000005]

Native frames: (J=compiled Java code, j=interpreted, Vv=VM code, C=native code)


---------------  P R O C E S S  ---------------

Java Threads: ( => current thread )

Other Threads:

=>0x000000000248e000 (exited) JavaThread "Unknown thread" [_thread_in_vm, id=14136, stack(0x0000000002520000,0x0000000002620000)]

VM state:not at safepoint (normal execution)

VM Mutex/Monitor currently owned by a thread: None

heap address: 0x0000000080c00000, size: 2036 MB, Compressed Oops mode: 32-bit
Narrow klass base: 0x0000000000000000, Narrow klass shift: 3
Compressed class space size: 1073741824 Address: 0x0000000100000000

Heap:
 PSYoungGen      total 38400K, used 665K [0x00000000d5980000, 0x00000000d8400000, 0x0000000100000000)
  eden space 33280K, 2% used [0x00000000d5980000,0x00000000d5a26670,0x00000000d7a00000)
  from space 5120K, 0% used [0x00000000d7f00000,0x00000000d7f00000,0x00000000d8400000)
  to   space 5120K, 0% used [0x00000000d7a00000,0x00000000d7a00000,0x00000000d7f00000)
 ParOldGen       total 87552K, used 0K [0x0000000080c00000, 0x0000000086180000, 0x00000000d5980000)
  object space 87552K, 0% used [0x0000000080c00000,0x0000000080c00000,0x0000000086180000)
 Metaspace       used 778K, capacity 4480K, committed 4480K, reserved 1056768K
  class space    used 74K, capacity 384K, committed 384K, reserved 1048576K

Card table byte_map: [0x0000000011ae0000,0x0000000011ee0000] byte_map_base: 0x00000000116da000

Marking Bits: (ParMarkBitMap*) 0x0000000066879f30
 Begin Bits: [0x0000000012b90000, 0x0000000014b60000)
 End Bits:   [0x0000000014b60000, 0x0000000016b30000)

Polling page: 0x0000000000b40000

CodeCache: size=245760Kb used=328Kb max_used=328Kb free=245431Kb
 bounds [0x0000000002720000, 0x0000000002990000, 0x0000000011720000]
 total_blobs=57 nmethods=0 adapters=38
 compilation: enabled

Compilation events (0 events):
No events

GC Heap History (0 events):
No events

Deoptimization events (0 events):
No events

Classes redefined (0 events):
No events

Internal exceptions (0 events):
No events

Events (10 events):
Event: 0.031 loading class java/lang/Short
Event: 0.031 loading class java/lang/Short done
Event: 0.031 loading class java/lang/Integer
Event: 0.031 loading class java/lang/Integer done
Event: 0.031 loading class java/lang/Long
Event: 0.031 loading class java/lang/Long done
Event: 0.032 loading class java/lang/NullPointerException
Event: 0.032 loading class java/lang/NullPointerException done
Event: 0.032 loading class java/lang/ArithmeticException
Event: 0.032 loading class java/lang/ArithmeticException done


Dynamic libraries:
0x00007ff610c90000 - 0x00007ff610cc1000 	C:\Program Files\Android\Android Studio\jre\jre\bin\java.exe
0x00007ffcde7b0000 - 0x00007ffcde99d000 	C:\WINDOWS\SYSTEM32\ntdll.dll
0x00007ffcdc4f0000 - 0x00007ffcdc5a3000 	C:\WINDOWS\System32\KERNEL32.DLL
0x00007ffcda9d0000 - 0x00007ffcdac63000 	C:\WINDOWS\System32\KERNELBASE.dll
0x00007ffcdcd80000 - 0x00007ffcdce23000 	C:\WINDOWS\System32\ADVAPI32.dll
0x00007ffcde4b0000 - 0x00007ffcde54e000 	C:\WINDOWS\System32\msvcrt.dll
0x00007ffcdbfc0000 - 0x00007ffcdc05e000 	C:\WINDOWS\System32\sechost.dll
0x00007ffcdc060000 - 0x00007ffcdc182000 	C:\WINDOWS\System32\RPCRT4.dll
0x00007ffcdcbe0000 - 0x00007ffcdcd77000 	C:\WINDOWS\System32\USER32.dll
0x00007ffcdad70000 - 0x00007ffcdad90000 	C:\WINDOWS\System32\win32u.dll
0x00007ffcdc4c0000 - 0x00007ffcdc4e9000 	C:\WINDOWS\System32\GDI32.dll
0x00007ffcdaf90000 - 0x00007ffcdb12a000 	C:\WINDOWS\System32\gdi32full.dll
0x00007ffcdacd0000 - 0x00007ffcdad70000 	C:\WINDOWS\System32\msvcp_win.dll
0x00007ffcda8d0000 - 0x00007ffcda9ca000 	C:\WINDOWS\System32\ucrtbase.dll
0x00007ffcce970000 - 0x00007ffccebe9000 	C:\WINDOWS\WinSxS\amd64_microsoft.windows.common-controls_6595b64144ccf1df_6.0.17763.529_none_05b84068071c8d5a\COMCTL32.dll
0x00007ffcdc700000 - 0x00007ffcdca2c000 	C:\WINDOWS\System32\combase.dll
0x00007ffcdb210000 - 0x00007ffcdb28e000 	C:\WINDOWS\System32\bcryptPrimitives.dll
0x00007ffcde480000 - 0x00007ffcde4ae000 	C:\WINDOWS\System32\IMM32.DLL
0x0000000065ef0000 - 0x0000000065fc2000 	C:\Program Files\Android\Android Studio\jre\jre\bin\msvcr100.dll
0x00000000660b0000 - 0x00000000668f6000 	C:\Program Files\Android\Android Studio\jre\jre\bin\server\jvm.dll
0x00007ffcdc190000 - 0x00007ffcdc198000 	C:\WINDOWS\System32\PSAPI.DLL
0x00007ffcd49c0000 - 0x00007ffcd49c9000 	C:\WINDOWS\SYSTEM32\WSOCK32.dll
0x00007ffcd8410000 - 0x00007ffcd8434000 	C:\WINDOWS\SYSTEM32\WINMM.dll
0x00007ffcd58e0000 - 0x00007ffcd58ea000 	C:\WINDOWS\SYSTEM32\VERSION.dll
0x00007ffcde660000 - 0x00007ffcde6cd000 	C:\WINDOWS\System32\WS2_32.dll
0x00007ffcd8210000 - 0x00007ffcd823d000 	C:\WINDOWS\SYSTEM32\WINMMBASE.dll
0x00007ffcda880000 - 0x00007ffcda8ca000 	C:\WINDOWS\System32\cfgmgr32.dll
0x00007ffcc57e0000 - 0x00007ffcc57ef000 	C:\Program Files\Android\Android Studio\jre\jre\bin\verify.dll
0x00007ffcab800000 - 0x00007ffcab829000 	C:\Program Files\Android\Android Studio\jre\jre\bin\java.dll
0x00007ffcbea50000 - 0x00007ffcbea66000 	C:\Program Files\Android\Android Studio\jre\jre\bin\zip.dll

VM Arguments:
java_command: org.jetbrains.git4idea.http.GitAskPassApp Password for 'https://github.com': 
java_class_path (initial): C:/Program Files/Android/Android Studio/plugins/git4idea/lib/git4idea-rt.jar;C:/Program Files/Android/Android Studio/lib/xmlrpc-2.0.1.jar;C:/Program Files/Android/Android Studio/lib/commons-codec-1.10.jar;C:/Program Files/Android/Android Studio/lib/util.jar
Launcher Type: SUN_STANDARD

Environment Variables:
PATH=C:/Program Files/Git/mingw64/libexec/git-core;C:/Program Files/Git/mingw64/libexec/git-core;C:\Program Files\Git\mingw64\bin;C:\Program Files\Git\usr\bin;C:\Users\Diak\bin;C:\Program Files (x86)\Common Files\Oracle\Java\javapath;C:\Program Files\Python37\Scripts\;C:\Program Files\Python37\;C:\ProgramData\Oracle\Java\javapath;C:\WINDOWS\system32;C:\WINDOWS;C:\WINDOWS\System32\Wbem;C:\WINDOWS\System32\WindowsPowerShell\v1.0\;C:\WINDOWS\System32\OpenSSH\;C:\Program Files\dotnet\;C:\Program Files\Microsoft SQL Server\130\Tools\Binn\;C:\Program Files\Git\cmd;C:\Users\Diak\AppData\Local\Microsoft\WindowsApps;C:\Users\Diak\AppData\Local\Programs\Microsoft VS Code\bin
USERNAME=Diak
DISPLAY=:0.0
OS=Windows_NT
PROCESSOR_IDENTIFIER=Intel64 Family 6 Model 45 Stepping 7, GenuineIntel



---------------  S Y S T E M  ---------------

OS: Windows 10.0 , 64 bit Build 17763 (10.0.17763.475)

CPU:total 12 (initial active 12) (6 cores per cpu, 2 threads per core) family 6 model 45 stepping 7, cmov, cx8, fxsr, mmx, sse, sse2, sse3, ssse3, sse4.1, sse4.2, popcnt, avx, aes, clmul, ht, tsc, tscinvbit, tscinv

Memory: 4k page, physical 8336116k(2963044k free), swap 10103216k(5564k free)

vm_info: OpenJDK 64-Bit Server VM (25.202-b03) for windows-amd64 JRE (1.8.0_202-release-1483-b03), built by "builder" with MS VC++ 10.0 (VS2010)

time: Fri Jan 24 11:08:57 2020
timezone: Közép-európai téli idõ 
elapsed time: 0 seconds (0d 0h 0m 0s)

